[2026-02-23 15:22:45] ======================================================
[2026-02-23 15:22:45] Starting PO Payment Reminder Cron Job
[2026-02-23 15:22:45] No POs matching the reminder intervals (20, 10, 5, 3, 1, 0 days). Nothing to do.
[2026-02-23 15:23:36] ======================================================
[2026-02-23 15:23:36] Starting PO Payment Reminder Cron Job
[2026-02-23 15:23:36] No POs matching the reminder intervals (20, 10, 5, 3, 1, 0 days). Nothing to do.
[2026-02-23 15:23:38] ======================================================
[2026-02-23 15:23:38] Starting PO Payment Reminder Cron Job
[2026-02-23 15:23:38] No POs matching the reminder intervals (20, 10, 5, 3, 1, 0 days). Nothing to do.
[2026-02-23 15:23:55] ======================================================
[2026-02-23 15:23:55] Starting PO Payment Reminder Cron Job
[2026-02-23 15:23:55] No POs matching the reminder intervals (20, 10, 5, 3, 1, 0 days). Nothing to do.
[2026-02-23 15:23:56] ======================================================
[2026-02-23 15:23:56] Starting PO Payment Reminder Cron Job
[2026-02-23 15:23:56] No POs matching the reminder intervals (20, 10, 5, 3, 1, 0 days). Nothing to do.
[2026-02-23 15:24:25] ======================================================
[2026-02-23 15:24:25] Starting PO Payment Reminder Cron Job
[2026-02-23 15:24:25] No POs matching the reminder intervals (20, 10, 5, 3, 1, 0 days). Nothing to do.
[2026-02-23 15:24:25] ======================================================
[2026-02-23 15:24:25] Starting PO Payment Reminder Cron Job
[2026-02-23 15:24:25] No POs matching the reminder intervals (20, 10, 5, 3, 1, 0 days). Nothing to do.
[2026-02-23 15:24:26] ======================================================
[2026-02-23 15:24:26] Starting PO Payment Reminder Cron Job
[2026-02-23 15:24:26] No POs matching the reminder intervals (20, 10, 5, 3, 1, 0 days). Nothing to do.
[2026-02-23 15:24:26] ======================================================
[2026-02-23 15:24:26] Starting PO Payment Reminder Cron Job
[2026-02-23 15:24:26] No POs matching the reminder intervals (20, 10, 5, 3, 1, 0 days). Nothing to do.
[2026-02-23 15:24:26] ======================================================
[2026-02-23 15:24:26] Starting PO Payment Reminder Cron Job
[2026-02-23 15:24:26] No POs matching the reminder intervals (20, 10, 5, 3, 1, 0 days). Nothing to do.
[2026-02-23 15:24:26] ======================================================
[2026-02-23 15:24:26] Starting PO Payment Reminder Cron Job
[2026-02-23 15:24:26] No POs matching the reminder intervals (20, 10, 5, 3, 1, 0 days). Nothing to do.
[2026-02-23 15:25:14] ======================================================
[2026-02-23 15:25:14] Starting PO Payment Reminder Cron Job
[2026-02-23 15:25:14] Found 1 PO(s) requiring a reminder today.
[2026-02-23 15:25:14] Processing PO #PO-SAM-0004 (ID: 11) | Org: 1 | Vendor: SKC INFOTECH | Due: 23 Feb 2026 (0 days left) | Amount: ₹2,600.00
[2026-02-23 15:25:14]   → Inserted 3 notification(s) for PO #PO-SAM-0004
[2026-02-23 15:25:14] ------------------------------------------------------
[2026-02-23 15:25:14] Job Completed Successfully.
[2026-02-23 15:25:14] Orders Processed   : 1
[2026-02-23 15:25:14] Notifications Sent : 3
[2026-02-23 15:25:14] ======================================================
[2026-02-23 15:34:32] ======================================================
[2026-02-23 15:34:32] Starting PO Payment Reminder Cron Job
[2026-02-23 15:34:32] Found 1 PO(s) requiring a reminder today.
[2026-02-23 15:34:32] Processing PO #PO-SAM-0004 (ID: 11) | Org: 1 | Vendor: SKC INFOTECH | Due: 23 Feb 2026 (0 days left) | Amount: ₹2,600.00
[2026-02-23 15:34:32]   → Inserted 3 notification(s) for PO #PO-SAM-0004
[2026-02-23 15:34:32] ------------------------------------------------------
[2026-02-23 15:34:32] Job Completed Successfully.
[2026-02-23 15:34:32] Orders Processed   : 1
[2026-02-23 15:34:32] Notifications Sent : 3
[2026-02-23 15:34:32] ======================================================
[2026-02-23 15:34:48] ======================================================
[2026-02-23 15:34:48] Starting PO Payment Reminder Cron Job
[2026-02-23 15:34:49] Found 1 PO(s) requiring a reminder today.
[2026-02-23 15:34:49] Processing PO #PO-SAM-0004 (ID: 11) | Org: 1 | Vendor: SKC INFOTECH | Due: 23 Feb 2026 (0 days left) | Amount: ₹2,600.00
[2026-02-23 15:34:49]   → Inserted 3 notification(s) for PO #PO-SAM-0004
[2026-02-23 15:34:49] ------------------------------------------------------
[2026-02-23 15:34:49] Job Completed Successfully.
[2026-02-23 15:34:49] Orders Processed   : 1
[2026-02-23 15:34:49] Notifications Sent : 3
[2026-02-23 15:34:49] ======================================================
[2026-02-23 15:50:56] ======================================================
[2026-02-23 15:50:56] Starting PO Payment Reminder Cron Job
[2026-02-23 15:50:56] Found 1 PO(s) requiring a reminder today.
[2026-02-23 15:50:56] Processing PO #PO-SAM-0004 (ID: 11) | Org: 1 | Vendor: SKC INFOTECH | Due: 23 Feb 2026 (0 days left) | Amount: ₹2,600.00
[2026-02-23 15:50:56]   → Already notified today for PO #PO-SAM-0004. Skipping.
[2026-02-23 15:50:56] ------------------------------------------------------
[2026-02-23 15:50:56] Job Completed Successfully.
[2026-02-23 15:50:56] Orders Processed   : 0
[2026-02-23 15:50:56] Notifications Sent : 0
[2026-02-23 15:50:56] ======================================================
[2026-02-23 15:51:13] ======================================================
[2026-02-23 15:51:13] Starting PO Payment Reminder Cron Job
[2026-02-23 15:51:13] Found 1 PO(s) requiring a reminder today.
[2026-02-23 15:51:13] Processing PO #PO-SAM-0004 (ID: 11) | Org: 1 | Vendor: SKC INFOTECH | Due: 23 Feb 2026 (0 days left) | Amount: ₹2,600.00
[2026-02-23 15:51:13]   → Inserted 3 notification(s) for PO #PO-SAM-0004
[2026-02-23 15:51:13] ------------------------------------------------------
[2026-02-23 15:51:13] Job Completed Successfully.
[2026-02-23 15:51:13] Orders Processed   : 1
[2026-02-23 15:51:13] Notifications Sent : 3
[2026-02-23 15:51:13] ======================================================
